0 info it worked if it ends with ok
1 verbose cli [ '/home/paolo/.nvm/versions/node/v4.4.0/bin/node',
1 verbose cli   '/home/paolo/.nvm/versions/node/v4.4.0/bin/npm',
1 verbose cli   'run',
1 verbose cli   'sanity' ]
2 info using npm@2.14.20
3 info using node@v4.4.0
4 verbose run-script [ 'presanity', 'sanity', 'postsanity' ]
5 info presanity data-acquisition@1.0.0
6 info sanity data-acquisition@1.0.0
7 verbose unsafe-perm in lifecycle true
8 info data-acquisition@1.0.0 Failed to exec sanity script
9 verbose stack Error: data-acquisition@1.0.0 sanity: `npm run lint && npm test`
9 verbose stack Exit status 1
9 verbose stack     at EventEmitter.<anonymous> (/home/paolo/.nvm/versions/node/v4.4.0/lib/node_modules/npm/lib/utils/lifecycle.js:214:16)
9 verbose stack     at emitTwo (events.js:87:13)
9 verbose stack     at EventEmitter.emit (events.js:172:7)
9 verbose stack     at ChildProcess.<anonymous> (/home/paolo/.nvm/versions/node/v4.4.0/lib/node_modules/npm/lib/utils/spawn.js:24:14)
9 verbose stack     at emitTwo (events.js:87:13)
9 verbose stack     at ChildProcess.emit (events.js:172:7)
9 verbose stack     at maybeClose (internal/child_process.js:827:16)
9 verbose stack     at Process.ChildProcess._handle.onexit (internal/child_process.js:211:5)
10 verbose pkgid data-acquisition@1.0.0
11 verbose cwd /home/paolo/progetti/helloWorldTheOne/TheOne/data-acquisition
12 error Linux 3.13.0-85-generic
13 error argv "/home/paolo/.nvm/versions/node/v4.4.0/bin/node" "/home/paolo/.nvm/versions/node/v4.4.0/bin/npm" "run" "sanity"
14 error node v4.4.0
15 error npm  v2.14.20
16 error code ELIFECYCLE
17 error data-acquisition@1.0.0 sanity: `npm run lint && npm test`
17 error Exit status 1
18 error Failed at the data-acquisition@1.0.0 sanity script 'npm run lint && npm test'.
18 error This is most likely a problem with the data-acquisition package,
18 error not with npm itself.
18 error Tell the author that this fails on your system:
18 error     npm run lint && npm test
18 error You can get information on how to open an issue for this project with:
18 error     npm bugs data-acquisition
18 error Or if that isn't available, you can get their info via:
18 error
18 error     npm owner ls data-acquisition
18 error There is likely additional logging output above.
19 verbose exit [ 1, true ]
